<?xml version="1.0" encoding="UTF-8"?>
<!-- Generated by org.testng.reporters.JUnitXMLReporter -->
<testsuite hostname="MTYTM154931L5" ignored="0" name="Default test" tests="2" failures="0" timestamp="05 Dec 2018 21:14:24 GMT" time="44.503" errors="0">
  <testcase name="invalidLoginTest_InvalidUserNameInvalidPassword" time="18.844" classname="tests.LoginTests"/>
  <testcase name="invalidLoginTest_EmptyUserEmptyPassword" time="16.803" classname="tests.LoginTests"/>
</testsuite> <!-- Default test -->
