<?xml version="1.0" encoding="UTF-8"?>
<!-- Generated by org.testng.reporters.JUnitXMLReporter -->
<testsuite hostname="MTYTM154931L5" ignored="0" name="LoginTest" tests="2" failures="0" timestamp="05 Dec 2018 21:52:45 GMT" time="42.669" errors="0">
  <testcase name="invalidLoginTest_InvalidUserNameInvalidPassword" time="23.652" classname="tests.LoginTests"/>
  <testcase name="invalidLoginTest_EmptyUserEmptyPassword" time="10.107" classname="tests.LoginTests"/>
</testsuite> <!-- LoginTest -->
