<?xml version="1.0" encoding="UTF-8"?>
<testng-results skipped="0" failed="0" ignored="0" total="2" passed="2">
  <reporter-output>
  </reporter-output>
  <suite name="Suite" duration-ms="42669" started-at="2018-12-05T21:52:02Z" finished-at="2018-12-05T21:52:45Z">
    <groups>
    </groups>
    <test name="LoginTest" duration-ms="42669" started-at="2018-12-05T21:52:02Z" finished-at="2018-12-05T21:52:45Z">
      <class name="tests.LoginTests">
        <test-method status="PASS" signature="setup()[pri:0, instance:tests.LoginTests@39ba5a14]" name="setup" is-config="true" duration-ms="7654" started-at="2018-12-05T21:52:02Z" finished-at="2018-12-05T21:52:10Z">
          <reporter-output>
          </reporter-output>
        </test-method> <!-- setup -->
        <test-method status="PASS" signature="invalidLoginTest_InvalidUserNameInvalidPassword()[pri:0, instance:tests.LoginTests@39ba5a14]" name="invalidLoginTest_InvalidUserNameInvalidPassword" duration-ms="23652" started-at="2018-12-05T21:52:10Z" finished-at="2018-12-05T21:52:34Z">
          <reporter-output>
          </reporter-output>
        </test-method> <!-- invalidLoginTest_InvalidUserNameInvalidPassword -->
        <test-method status="PASS" signature="invalidLoginTest_EmptyUserEmptyPassword()[pri:1, instance:tests.LoginTests@39ba5a14]" name="invalidLoginTest_EmptyUserEmptyPassword" duration-ms="10107" started-at="2018-12-05T21:52:34Z" finished-at="2018-12-05T21:52:44Z">
          <reporter-output>
          </reporter-output>
        </test-method> <!-- invalidLoginTest_EmptyUserEmptyPassword -->
        <test-method status="PASS" signature="teardown()[pri:0, instance:tests.LoginTests@39ba5a14]" name="teardown" is-config="true" duration-ms="1213" started-at="2018-12-05T21:52:44Z" finished-at="2018-12-05T21:52:45Z">
          <reporter-output>
          </reporter-output>
        </test-method> <!-- teardown -->
      </class> <!-- tests.LoginTests -->
    </test> <!-- LoginTest -->
  </suite> <!-- Suite -->
</testng-results>
