<?xml version="1.0" encoding="UTF-8"?>
<testng-results skipped="0" failed="0" ignored="0" total="2" passed="2">
  <reporter-output>
  </reporter-output>
  <suite name="Default suite" duration-ms="44503" started-at="2018-12-05T21:13:40Z" finished-at="2018-12-05T21:14:24Z">
    <groups>
    </groups>
    <test name="Default test" duration-ms="44503" started-at="2018-12-05T21:13:40Z" finished-at="2018-12-05T21:14:24Z">
      <class name="tests.LoginTests">
        <test-method status="PASS" signature="setup()[pri:0, instance:tests.LoginTests@cc285f4]" name="setup" is-config="true" duration-ms="7415" started-at="2018-12-05T21:13:40Z" finished-at="2018-12-05T21:13:47Z">
          <reporter-output>
          </reporter-output>
        </test-method> <!-- setup -->
        <test-method status="PASS" signature="invalidLoginTest_InvalidUserNameInvalidPassword()[pri:0, instance:tests.LoginTests@cc285f4]" name="invalidLoginTest_InvalidUserNameInvalidPassword" duration-ms="18844" started-at="2018-12-05T21:13:47Z" finished-at="2018-12-05T21:14:06Z">
          <reporter-output>
          </reporter-output>
        </test-method> <!-- invalidLoginTest_InvalidUserNameInvalidPassword -->
        <test-method status="PASS" signature="invalidLoginTest_EmptyUserEmptyPassword()[pri:1, instance:tests.LoginTests@cc285f4]" name="invalidLoginTest_EmptyUserEmptyPassword" duration-ms="16803" started-at="2018-12-05T21:14:06Z" finished-at="2018-12-05T21:14:23Z">
          <reporter-output>
          </reporter-output>
        </test-method> <!-- invalidLoginTest_EmptyUserEmptyPassword -->
        <test-method status="PASS" signature="teardown()[pri:0, instance:tests.LoginTests@cc285f4]" name="teardown" is-config="true" duration-ms="1366" started-at="2018-12-05T21:14:23Z" finished-at="2018-12-05T21:14:24Z">
          <reporter-output>
          </reporter-output>
        </test-method> <!-- teardown -->
      </class> <!-- tests.LoginTests -->
    </test> <!-- Default test -->
  </suite> <!-- Default suite -->
</testng-results>
